mode: set
testValidate/internal/database/db.go:16.76,18.2 1 1
testValidate/internal/database/db.go:25.56,27.9 2 1
testValidate/internal/database/db.go:27.9,29.3 1 1
testValidate/internal/database/db.go:30.2,30.19 1 1
testValidate/internal/database/db.go:32.78,34.16 2 1
testValidate/internal/database/db.go:34.16,36.3 1 1
testValidate/internal/database/db.go:37.2,38.16 2 1
testValidate/internal/database/db.go:38.16,40.3 1 1
testValidate/internal/database/db.go:41.2,42.16 2 1
testValidate/internal/database/db.go:42.16,44.3 1 1
testValidate/internal/database/db.go:46.2,49.16 3 1
testValidate/internal/database/db.go:49.16,51.3 1 1
testValidate/internal/database/db.go:53.2,53.16 1 1
testValidate/internal/database/repository.go:11.48,15.2 1 0
testValidate/internal/database/repository.go:27.103,30.16 2 0
testValidate/internal/database/repository.go:30.16,32.3 1 0
testValidate/internal/database/repository.go:33.2,33.12 1 0
testValidate/internal/database/repository.go:36.94,38.16 2 0
testValidate/internal/database/repository.go:38.16,41.3 1 0
testValidate/internal/database/repository.go:42.2,44.18 2 0
testValidate/internal/database/repository.go:44.18,46.3 1 0
testValidate/internal/database/repository.go:47.2,47.19 1 0
testValidate/internal/database/repository.go:49.90,51.16 2 0
testValidate/internal/database/repository.go:51.16,53.3 1 0
testValidate/internal/database/repository.go:54.2,55.18 2 0
testValidate/internal/database/repository.go:55.18,57.3 1 0
testValidate/internal/database/repository.go:58.2,58.18 1 0
testValidate/internal/database/repository.go:60.110,62.16 2 0
testValidate/internal/database/repository.go:62.16,64.3 1 0
testValidate/internal/database/repository.go:65.2,68.18 3 0
testValidate/internal/database/repository.go:68.18,70.3 1 0
testValidate/internal/database/repository.go:71.2,72.16 2 0
testValidate/internal/database/repository.go:72.16,74.3 1 0
testValidate/internal/database/repository.go:75.2,76.16 2 0
testValidate/internal/database/repository.go:76.16,78.3 1 0
testValidate/internal/database/repository.go:79.2,79.19 1 0
